2023.12.09 15:09:31 INFO  Started: Metals version 1.1.0 in folders '/data/ldz/PA/ysyx-exam' for client Visual Studio Code 1.84.2.
2023.12.09 15:09:32 WARN  Build server is not auto-connectable.
2023.12.09 15:09:32 WARN  no build tool detected in workspace '/data/ldz/PA/ysyx-exam'. The most common cause for this problem is that the editor was opened in the wrong working directory, for example if you use sbt then the workspace directory should contain build.sbt. 
2023.12.09 16:12:27 INFO  Shutting down server
2023.12.09 16:12:27 INFO  shutting down Metals
2023.12.09 16:12:27 INFO  Exiting server
2023.12.10 16:52:35 INFO  Started: Metals version 1.1.0 in folders '/data/ldz/PA/ysyx-exam' for client Visual Studio Code 1.85.0.
2023.12.10 16:52:36 WARN  Build server is not auto-connectable.
2023.12.10 16:52:36 WARN  no build tool detected in workspace '/data/ldz/PA/ysyx-exam'. The most common cause for this problem is that the editor was opened in the wrong working directory, for example if you use sbt then the workspace directory should contain build.sbt. 
2023.12.10 16:52:36 WARN  no build target for: /data/ldz/PA/npc/playground/src/execute/ALU.scala
2023.12.10 16:52:44 INFO  no build target found for /data/ldz/PA/npc/playground/src/execute/ALU.scala. Using presentation compiler with project's scala-library version: 3.3.1
Dec 10, 2023 4:53:19 PM org.eclipse.lsp4j.jsonrpc.RemoteEndpoint handleNotification
WARNING: Notification threw an exception: {
  "jsonrpc": "2.0",
  "method": "metals/didFocusTextDocument",
  "params": [
    "git:/data/ldz/PA/npc/playground/src/execute/ALU.scala?%7B%22path%22%3A%22%2Fdata%2Fldz%2FPA%2Fnpc%2Fplayground%2Fsrc%2Fexecute%2FALU.scala%22%2C%22ref%22%3A%22~%22%7D"
  ]
}
java.lang.RuntimeException: java.lang.reflect.InvocationTargetException
	at org.eclipse.lsp4j.jsonrpc.services.GenericEndpoint.lambda$null$0(GenericEndpoint.java:67)
	at org.eclipse.lsp4j.jsonrpc.services.GenericEndpoint.notify(GenericEndpoint.java:152)
	at org.eclipse.lsp4j.jsonrpc.RemoteEndpoint.handleNotification(RemoteEndpoint.java:220)
	at org.eclipse.lsp4j.jsonrpc.RemoteEndpoint.consume(RemoteEndpoint.java:187)
	at org.eclipse.lsp4j.jsonrpc.json.StreamMessageProducer.handleMessage(StreamMessageProducer.java:194)
	at org.eclipse.lsp4j.jsonrpc.json.StreamMessageProducer.listen(StreamMessageProducer.java:94)
	at org.eclipse.lsp4j.jsonrpc.json.ConcurrentMessageProcessor.run(ConcurrentMessageProcessor.java:113)
	at java.base/java.util.concurrent.Executors$RunnableAdapter.call(Executors.java:515)
	at java.base/java.util.concurrent.FutureTask.run(FutureTask.java:264)
	at java.base/java.util.concurrent.ThreadPoolExecutor.runWorker(ThreadPoolExecutor.java:1128)
	at java.base/java.util.concurrent.ThreadPoolExecutor$Worker.run(ThreadPoolExecutor.java:628)
	at java.base/java.lang.Thread.run(Thread.java:829)
Caused by: java.lang.reflect.InvocationTargetException
	at java.base/jdk.internal.reflect.NativeMethodAccessorImpl.invoke0(Native Method)
	at java.base/jdk.internal.reflect.NativeMethodAccessorImpl.invoke(NativeMethodAccessorImpl.java:62)
	at java.base/jdk.internal.reflect.DelegatingMethodAccessorImpl.invoke(DelegatingMethodAccessorImpl.java:43)
	at java.base/java.lang.reflect.Method.invoke(Method.java:566)
	at org.eclipse.lsp4j.jsonrpc.services.GenericEndpoint.lambda$null$0(GenericEndpoint.java:65)
	... 11 more
Caused by: java.nio.file.FileSystemNotFoundException: Provider "git" not installed
	at java.base/java.nio.file.Path.of(Path.java:212)
	at java.base/java.nio.file.Paths.get(Paths.java:97)
	at scala.meta.internal.mtags.MtagsEnrichments$XtensionURIMtags.toAbsolutePath(MtagsEnrichments.scala:131)
	at scala.meta.internal.mtags.MtagsEnrichments$XtensionStringMtags.toAbsolutePath(MtagsEnrichments.scala:187)
	at scala.meta.internal.metals.MetalsEnrichments$XtensionString.toAbsolutePath(MetalsEnrichments.scala:645)
	at scala.meta.internal.metals.MetalsEnrichments$XtensionString.toAbsolutePath(MetalsEnrichments.scala:642)
	at scala.meta.internal.metals.WorkspaceLspService.didFocus(WorkspaceLspService.scala:608)
	at scala.meta.metals.lsp.DelegatingScalaService.didFocus(DelegatingScalaService.scala:43)
	... 16 more

2023.12.10 16:54:28 INFO  Shutting down server
2023.12.10 16:54:28 INFO  shutting down Metals
2023.12.10 16:54:28 INFO  Exiting server
